<?xml version="1.0" encoding="UTF-8"?>
<!-- Generated by org.testng.reporters.JUnitXMLReporter -->
<testsuite hostname="DESKTOP-B4Q7PII" ignored="0" name="Default test" tests="8" failures="0" timestamp="03 Jan 2019 16:12:21 GMT" time="5.557" errors="0">
  <testcase name="getWithHeaders" time="2.614" classname="com.bookit.tests.HRRestAPIGetRequests"/>
  <testcase name="negativeGet" time="0.269" classname="com.bookit.tests.HRRestAPIGetRequests"/>
  <testcase name="negativeGetResponse" time="0.969" classname="com.bookit.tests.HRRestAPIGetRequests"/>
  <testcase name="printResponse" time="0.294" classname="com.bookit.tests.HRRestAPIGetRequests"/>
  <testcase name="simpleGet" time="0.274" classname="com.bookit.tests.HRRestAPIGetRequests"/>
  <testcase name="verifyContentTypeWithAssertThat" time="0.258" classname="com.bookit.tests.HRRestAPIGetRequests"/>
  <testcase name="verifyFirstName" time="0.659" classname="com.bookit.tests.HRRestAPIGetRequests"/>
  <testcase name="verifyFirstNameAndEmpID" time="0.132" classname="com.bookit.tests.HRRestAPIGetRequests"/>
</testsuite> <!-- Default test -->
